<?xml version="1.0" encoding="UTF-8"?>
<testsuite xmlns:xsi="http://www.w3.org/2001/XMLSchema-instance" xsi:noNamespaceSchemaLocation="https://maven.apache.org/surefire/maven-surefire-plugin/xsd/surefire-test-report.xsd" name="com.examly.springapp.SpringappApplicationTests" time="7.902" tests="13" errors="3" skipped="0" failures="0">
  <properties>
[...]
</properties>
  <testcase name="getBynameBrandName" classname="com.examly.springapp.SpringappApplicationTests" time="0.309">
    <error message="Request processing failed; nested exception is org.springframework.dao.InvalidDataAccessResourceUsageException: could not extract ResultSet; SQL [n/a]; nested exception is org.hibernate.exception.SQLGrammarException: could not extract ResultSet" type="org.springframework.web.util.NestedServletException">org.springframework.web.util.NestedServletException: Request processing failed; nested exception is org.springframework.dao.InvalidDataAccessResourceUsageException: could not extract ResultSet; SQL [n/a]; nested exception is org.hibernate.exception.SQLGrammarException: could not extract ResultSet
	at com.examly.springapp.SpringappApplicationTests.getBynameBrandName(SpringappApplicationTests.java:143)
Caused by: org.springframework.dao.InvalidDataAccessResourceUsageException: could not extract ResultSet; SQL [n/a]; nested exception is org.hibernate.exception.SQLGrammarException: could not extract ResultSet
	at com.examly.springapp.SpringappApplicationTests.getBynameBrandName(SpringappApplicationTests.java:143)
Caused by: org.hibernate.exception.SQLGrammarException: could not extract ResultSet
	at com.examly.springapp.SpringappApplicationTests.getBynameBrandName(SpringappApplicationTests.java:143)
Caused by: java.sql.SQLSyntaxErrorException: Table 'test.Crackers' doesn't exist
	at com.examly.springapp.SpringappApplicationTests.getBynameBrandName(SpringappApplicationTests.java:143)
</error>
    <system-out><![CDATA[04:52:50.826 [main] DEBUG org.springframework.test.context.BootstrapUtils - Instantiating CacheAwareContextLoaderDelegate from class [org.springframework.test.context.cache.DefaultCacheAwareContextLoaderDelegate]
04:52:50.840 [main] DEBUG org.springframework.test.context.BootstrapUtils - Instantiating BootstrapContext using constructor [public org.springframework.test.context.support.DefaultBootstrapContext(java.lang.Class,org.springframework.test.context.CacheAwareContextLoaderDelegate)]
04:52:50.938 [main] DEBUG org.springframework.test.context.BootstrapUtils - Instantiating TestContextBootstrapper for test class [com.examly.springapp.SpringappApplicationTests] from class [org.springframework.boot.test.context.SpringBootTestContextBootstrapper]
04:52:50.952 [main] INFO org.springframework.boot.test.context.SpringBootTestContextBootstrapper - Neither @ContextConfiguration nor @ContextHierarchy found for test class [com.examly.springapp.SpringappApplicationTests], using SpringBootContextLoader
04:52:50.992 [main] DEBUG org.springframework.test.context.support.AbstractContextLoader - Did not detect default resource location for test class [com.examly.springapp.SpringappApplicationTests]: class path resource [com/examly/springapp/SpringappApplicationTests-context.xml] does not exist
04:52:50.993 [main] DEBUG org.springframework.test.context.support.AbstractContextLoader - Did not detect default resource location for test class [com.examly.springapp.SpringappApplicationTests]: class path resource [com/examly/springapp/SpringappApplicationTestsContext.groovy] does not exist
04:52:50.994 [main] INFO org.springframework.test.context.support.AbstractContextLoader - Could not detect default resource locations for test class [com.examly.springapp.SpringappApplicationTests]: no resource found for suffixes {-context.xml, Context.groovy}.
04:52:51.064 [main] DEBUG org.springframework.test.context.support.ActiveProfilesUtils - Could not find an 'annotation declaring class' for annotation type [org.springframework.test.context.ActiveProfiles] and class [com.examly.springapp.SpringappApplicationTests]
04:52:51.300 [main] DEBUG org.springframework.boot.test.context.SpringBootTestContextBootstrapper - @TestExecutionListeners is not present for class [com.examly.springapp.SpringappApplicationTests]: using defaults.
04:52:51.301 [main] INFO org.springframework.boot.test.context.SpringBootTestContextBootstrapper - Loaded default TestExecutionListener class names from location [META-INF/spring.factories]: [org.springframework.boot.test.mock.mockito.MockitoTestExecutionListener, org.springframework.boot.test.mock.mockito.ResetMocksTestExecutionListener, org.springframework.boot.test.autoconfigure.restdocs.RestDocsTestExecutionListener, org.springframework.boot.test.autoconfigure.web.client.MockRestServiceServerResetTestExecutionListener, org.springframework.boot.test.autoconfigure.web.servlet.MockMvcPrintOnlyOnFailureTestExecutionListener, org.springframework.boot.test.autoconfigure.web.servlet.WebDriverTestExecutionListener, org.springframework.boot.test.autoconfigure.webservices.client.MockWebServiceServerTestExecutionListener, org.springframework.test.context.web.ServletTestExecutionListener, org.springframework.test.context.support.DirtiesContextBeforeModesTestExecutionListener, org.springframework.test.context.event.ApplicationEventsTestExecutionListener, org.springframework.test.context.support.DependencyInjectionTestExecutionListener, org.springframework.test.context.support.DirtiesContextTestExecutionListener, org.springframework.test.context.transaction.TransactionalTestExecutionListener, org.springframework.test.context.jdbc.SqlScriptsTestExecutionListener, org.springframework.test.context.event.EventPublishingTestExecutionListener]
04:52:51.320 [main] INFO org.springframework.boot.test.context.SpringBootTestContextBootstrapper - Using TestExecutionListeners: [org.springframework.test.context.web.ServletTestExecutionListener@77d2e85, org.springframework.test.context.support.DirtiesContextBeforeModesTestExecutionListener@3ecd267f, org.springframework.test.context.event.ApplicationEventsTestExecutionListener@58ffcbd7, org.springframework.boot.test.mock.mockito.MockitoTestExecutionListener@555cf22, org.springframework.boot.test.autoconfigure.SpringBootDependencyInjectionTestExecutionListener@6bb2d00b, org.springframework.test.context.support.DirtiesContextTestExecutionListener@3c9bfddc, org.springframework.test.context.transaction.TransactionalTestExecutionListener@1a9c38eb, org.springframework.test.context.jdbc.SqlScriptsTestExecutionListener@319bc845, org.springframework.test.context.event.EventPublishingTestExecutionListener@4c5474f5, org.springframework.boot.test.mock.mockito.ResetMocksTestExecutionListener@2f4205be, org.springframework.boot.test.autoconfigure.restdocs.RestDocsTestExecutionListener@54e22bdd, org.springframework.boot.test.autoconfigure.web.client.MockRestServiceServerResetTestExecutionListener@3bd418e4, org.springframework.boot.test.autoconfigure.web.servlet.MockMvcPrintOnlyOnFailureTestExecutionListener@544820b7, org.springframework.boot.test.autoconfigure.web.servlet.WebDriverTestExecutionListener@6b98a075, org.springframework.boot.test.autoconfigure.webservices.client.MockWebServiceServerTestExecutionListener@2e61d218]
04:52:51.325 [main] DEBUG org.springframework.test.context.support.AbstractDirtiesContextTestExecutionListener - Before test class: context [DefaultTestContext@2b5f4d54 testClass = SpringappApplicationTests, testInstance = [null], testMethod = [null], testException = [null], mergedContextConfiguration = [WebMergedContextConfiguration@5f7b97da testClass = SpringappApplicationTests, locations = '{}', classes = '{class com.examly.springapp.SpringappApplication}', contextInitializerClasses = '[]', activeProfiles = '{}', propertySourceLocations = '{}', propertySourceProperties = '{org.springframework.boot.test.context.SpringBootTestContextBootstrapper=true}', contextCustomizers = set[[ImportsContextCustomizer@18b0930f key = [org.springframework.boot.test.autoconfigure.web.servlet.MockMvcAutoConfiguration, org.springframework.boot.test.autoconfigure.web.servlet.MockMvcWebClientAutoConfiguration, org.springframework.boot.test.autoconfigure.web.servlet.MockMvcWebDriverAutoConfiguration, org.springframework.boot.autoconfigure.security.oauth2.client.servlet.OAuth2ClientAutoConfiguration, org.springframework.boot.autoconfigure.security.oauth2.resource.servlet.OAuth2ResourceServerAutoConfiguration, org.springframework.boot.autoconfigure.security.servlet.SecurityAutoConfiguration, org.springframework.boot.autoconfigure.security.servlet.SecurityFilterAutoConfiguration, org.springframework.boot.autoconfigure.security.servlet.UserDetailsServiceAutoConfiguration, org.springframework.boot.test.autoconfigure.web.servlet.MockMvcSecurityConfiguration, org.springframework.boot.test.autoconfigure.web.reactive.WebTestClientAutoConfiguration]], org.springframework.boot.test.context.filter.ExcludeFilterContextCustomizer@1ef6d34c, org.springframework.boot.test.json.DuplicateJsonObjectContextCustomizerFactory$DuplicateJsonObjectContextCustomizer@2a225dd7, org.springframework.boot.test.mock.mockito.MockitoContextCustomizer@0, org.springframework.boot.test.web.client.TestRestTemplateContextCustomizer@7d3d101b, org.springframework.boot.test.autoconfigure.actuate.metrics.MetricsExportContextCustomizerFactory$DisableMetricExportContextCustomizer@df6620a, org.springframework.boot.test.autoconfigure.properties.PropertyMappingContextCustomizer@4b3fa0b3, org.springframework.boot.test.autoconfigure.web.servlet.WebDriverContextCustomizerFactory$Customizer@40317ba2, org.springframework.boot.test.context.SpringBootTestArgs@1, org.springframework.boot.test.context.SpringBootTestWebEnvironment@36c88a32], resourceBasePath = 'src/main/webapp', contextLoader = 'org.springframework.boot.test.context.SpringBootContextLoader', parent = [null]], attributes = map['org.springframework.test.context.web.ServletTestExecutionListener.activateListener' -> true]], class annotated with @DirtiesContext [false] with mode [null].

  .   ____          _            __ _ _
 /\\ / ___'_ __ _ _(_)_ __  __ _ \ \ \ \
( ( )\___ | '_ | '_| | '_ \/ _` | \ \ \ \
 \\/  ___)| |_)| | | | | || (_| |  ) ) ) )
  '  |____| .__|_| |_|_| |_\__, | / / / /
 =========|_|==============|___/=/_/_/_/
 :: Spring Boot ::                (v2.7.8)

2023-07-31 04:52:52.134  INFO 614 --- [           main] c.e.springapp.SpringappApplicationTests  : Starting SpringappApplicationTests using Java 11.0.19 on fcebdccccdecaaaadabdaefbecadbabadd-0 with PID 614 (started by coder in /home/coder/project/workspace/springapp)
2023-07-31 04:52:52.195  INFO 614 --- [           main] c.e.springapp.SpringappApplicationTests  : No active profile set, falling back to 1 default profile: "default"
2023-07-31 04:52:53.297  INFO 614 --- [           main] .s.d.r.c.RepositoryConfigurationDelegate : Bootstrapping Spring Data JPA repositories in DEFAULT mode.
2023-07-31 04:52:53.388  INFO 614 --- [           main] .s.d.r.c.RepositoryConfigurationDelegate : Finished Spring Data repository scanning in 82 ms. Found 1 JPA repository interfaces.
2023-07-31 04:52:54.265  INFO 614 --- [           main] o.hibernate.jpa.internal.util.LogHelper  : HHH000204: Processing PersistenceUnitInfo [name: default]
2023-07-31 04:52:54.342  INFO 614 --- [           main] org.hibernate.Version                    : HHH000412: Hibernate ORM core version 5.6.14.Final
2023-07-31 04:52:54.599  INFO 614 --- [           main] o.hibernate.annotations.common.Version   : HCANN000001: Hibernate Commons Annotations {5.1.2.Final}
2023-07-31 04:52:54.779  INFO 614 --- [           main] com.zaxxer.hikari.HikariDataSource       : HikariPool-1 - Starting...
2023-07-31 04:52:55.206  INFO 614 --- [           main] com.zaxxer.hikari.HikariDataSource       : HikariPool-1 - Start completed.
2023-07-31 04:52:55.231  INFO 614 --- [           main] org.hibernate.dialect.Dialect            : HHH000400: Using dialect: org.hibernate.dialect.MySQL8Dialect
Hibernate: create table crackers (crackers_id integer not null, crackers_brand varchar(255), crackers_name varchar(255), crackers_price varchar(255), crackers_type varchar(255), manufactured_in varchar(255), primary key (crackers_id)) engine=InnoDB
2023-07-31 04:52:56.161  INFO 614 --- [           main] o.h.e.t.j.p.i.JtaPlatformInitiator       : HHH000490: Using JtaPlatform implementation: [org.hibernate.engine.transaction.jta.platform.internal.NoJtaPlatform]
2023-07-31 04:52:56.172  INFO 614 --- [           main] j.LocalContainerEntityManagerFactoryBean : Initialized JPA EntityManagerFactory for persistence unit 'default'
2023-07-31 04:52:57.093  WARN 614 --- [           main] JpaBaseConfiguration$JpaWebConfiguration : spring.jpa.open-in-view is enabled by default. Therefore, database queries may be performed during view rendering. Explicitly configure spring.jpa.open-in-view to disable this warning
2023-07-31 04:52:57.840  INFO 614 --- [           main] o.s.b.t.m.w.SpringBootMockServletContext : Initializing Spring TestDispatcherServlet ''
2023-07-31 04:52:57.840  INFO 614 --- [           main] o.s.t.web.servlet.TestDispatcherServlet  : Initializing Servlet ''
2023-07-31 04:52:57.841  INFO 614 --- [           main] o.s.t.web.servlet.TestDispatcherServlet  : Completed initialization in 1 ms
2023-07-31 04:52:57.865  INFO 614 --- [           main] c.e.springapp.SpringappApplicationTests  : Started SpringappApplicationTests in 6.498 seconds (JVM running for 8.419)
Hibernate: SELECT * FROM Crackers c WHERE c.crackers_name = ? AND c.crackers_brand = ?
2023-07-31 04:52:58.173  WARN 614 --- [           main] o.h.engine.jdbc.spi.SqlExceptionHelper   : SQL Error: 1146, SQLState: 42S02
2023-07-31 04:52:58.173 ERROR 614 --- [           main] o.h.engine.jdbc.spi.SqlExceptionHelper   : Table 'test.Crackers' doesn't exist
]]></system-out>
  </testcase>
  <testcase name="testrepositoryfolder" classname="com.examly.springapp.SpringappApplicationTests" time="0.007"/>
  <testcase name="testModelFile" classname="com.examly.springapp.SpringappApplicationTests" time="0.003"/>
  <testcase name="addDetails" classname="com.examly.springapp.SpringappApplicationTests" time="0.293"/>
  <testcase name="testModelFolder" classname="com.examly.springapp.SpringappApplicationTests" time="0.004"/>
  <testcase name="testServiceFolder" classname="com.examly.springapp.SpringappApplicationTests" time="0.003"/>
  <testcase name="testrepositoryFile" classname="com.examly.springapp.SpringappApplicationTests" time="0.003"/>
  <testcase name="getById" classname="com.examly.springapp.SpringappApplicationTests" time="0.038"/>
  <testcase name="getByName" classname="com.examly.springapp.SpringappApplicationTests" time="0.027">
    <error message="Request processing failed; nested exception is org.springframework.dao.InvalidDataAccessResourceUsageException: could not extract ResultSet; SQL [n/a]; nested exception is org.hibernate.exception.SQLGrammarException: could not extract ResultSet" type="org.springframework.web.util.NestedServletException">org.springframework.web.util.NestedServletException: Request processing failed; nested exception is org.springframework.dao.InvalidDataAccessResourceUsageException: could not extract ResultSet; SQL [n/a]; nested exception is org.hibernate.exception.SQLGrammarException: could not extract ResultSet
	at com.examly.springapp.SpringappApplicationTests.getByName(SpringappApplicationTests.java:133)
Caused by: org.springframework.dao.InvalidDataAccessResourceUsageException: could not extract ResultSet; SQL [n/a]; nested exception is org.hibernate.exception.SQLGrammarException: could not extract ResultSet
	at com.examly.springapp.SpringappApplicationTests.getByName(SpringappApplicationTests.java:133)
Caused by: org.hibernate.exception.SQLGrammarException: could not extract ResultSet
	at com.examly.springapp.SpringappApplicationTests.getByName(SpringappApplicationTests.java:133)
Caused by: java.sql.SQLSyntaxErrorException: Table 'test.Crackers' doesn't exist
	at com.examly.springapp.SpringappApplicationTests.getByName(SpringappApplicationTests.java:133)
</error>
    <system-out><![CDATA[Hibernate: SELECT * FROM Crackers c WHERE c.crackers_name = ?
2023-07-31 04:52:58.572  WARN 614 --- [           main] o.h.engine.jdbc.spi.SqlExceptionHelper   : SQL Error: 1146, SQLState: 42S02
2023-07-31 04:52:58.572 ERROR 614 --- [           main] o.h.engine.jdbc.spi.SqlExceptionHelper   : Table 'test.Crackers' doesn't exist
]]></system-out>
  </testcase>
  <testcase name="testcontrollerfolder" classname="com.examly.springapp.SpringappApplicationTests" time="0.003"/>
  <testcase name="getBybrandName" classname="com.examly.springapp.SpringappApplicationTests" time="0.009">
    <error message="Request processing failed; nested exception is org.springframework.dao.InvalidDataAccessResourceUsageException: could not extract ResultSet; SQL [n/a]; nested exception is org.hibernate.exception.SQLGrammarException: could not extract ResultSet" type="org.springframework.web.util.NestedServletException">org.springframework.web.util.NestedServletException: Request processing failed; nested exception is org.springframework.dao.InvalidDataAccessResourceUsageException: could not extract ResultSet; SQL [n/a]; nested exception is org.hibernate.exception.SQLGrammarException: could not extract ResultSet
	at com.examly.springapp.SpringappApplicationTests.getBybrandName(SpringappApplicationTests.java:123)
Caused by: org.springframework.dao.InvalidDataAccessResourceUsageException: could not extract ResultSet; SQL [n/a]; nested exception is org.hibernate.exception.SQLGrammarException: could not extract ResultSet
	at com.examly.springapp.SpringappApplicationTests.getBybrandName(SpringappApplicationTests.java:123)
Caused by: org.hibernate.exception.SQLGrammarException: could not extract ResultSet
	at com.examly.springapp.SpringappApplicationTests.getBybrandName(SpringappApplicationTests.java:123)
Caused by: java.sql.SQLSyntaxErrorException: Table 'test.Crackers' doesn't exist
	at com.examly.springapp.SpringappApplicationTests.getBybrandName(SpringappApplicationTests.java:123)
</error>
    <system-out><![CDATA[Hibernate: SELECT * FROM Crackers c WHERE c.crackers_brand = ?
2023-07-31 04:52:58.603  WARN 614 --- [           main] o.h.engine.jdbc.spi.SqlExceptionHelper   : SQL Error: 1146, SQLState: 42S02
2023-07-31 04:52:58.603 ERROR 614 --- [           main] o.h.engine.jdbc.spi.SqlExceptionHelper   : Table 'test.Crackers' doesn't exist
]]></system-out>
  </testcase>
  <testcase name="testcontrollerfile" classname="com.examly.springapp.SpringappApplicationTests" time="0.002"/>
  <testcase name="testServieFile" classname="com.examly.springapp.SpringappApplicationTests" time="0.003"/>
</testsuite>